<?xml version="1.0" encoding="UTF-8"?>
<testsuite xmlns:xsi="http://www.w3.org/2001/XMLSchema-instance" xsi:noNamespaceSchemaLocation="https://maven.apache.org/surefire/maven-surefire-plugin/xsd/surefire-test-report-3.0.xsd" version="3.0" name="com.luv2code.junitdemo.ConditionalTest" time="0.262" tests="11" errors="0" skipped="6" failures="0">
  <properties>
    <property name="java.specification.version" value="17"/>
    <property name="sun.cpu.isalist" value="amd64"/>
    <property name="sun.jnu.encoding" value="Cp1252"/>
    <property name="java.class.path" value="D:\BHASKAR\BHASKAR_INTERVIEW_PREPARATION\Junit_Chad_Darby_Udemy\Developer_code\1_Junit_demo\target\test-classes;D:\BHASKAR\BHASKAR_INTERVIEW_PREPARATION\Junit_Chad_Darby_Udemy\Developer_code\1_Junit_demo\target\classes;C:\Users\Bhaskar Mudaliyar\.m2\repository\org\junit\jupiter\junit-jupiter-api\5.10.2\junit-jupiter-api-5.10.2.jar;C:\Users\Bhaskar Mudaliyar\.m2\repository\org\opentest4j\opentest4j\1.3.0\opentest4j-1.3.0.jar;C:\Users\Bhaskar Mudaliyar\.m2\repository\org\junit\platform\junit-platform-commons\1.10.2\junit-platform-commons-1.10.2.jar;C:\Users\Bhaskar Mudaliyar\.m2\repository\org\apiguardian\apiguardian-api\1.1.2\apiguardian-api-1.1.2.jar;"/>
    <property name="java.vm.vendor" value="Oracle Corporation"/>
    <property name="sun.arch.data.model" value="64"/>
    <property name="user.variant" value=""/>
    <property name="java.vendor.url" value="https://java.oracle.com/"/>
    <property name="user.timezone" value="Asia/Calcutta"/>
    <property name="os.name" value="Windows 11"/>
    <property name="java.vm.specification.version" value="17"/>
    <property name="sun.java.launcher" value="SUN_STANDARD"/>
    <property name="user.country" value="IN"/>
    <property name="sun.boot.library.path" value="C:\Program Files\Java\jdk-17\bin"/>
    <property name="sun.java.command" value="C:\Users\Bhaskar Mudaliyar\AppData\Local\Temp\surefire7582096416637114558\surefirebooter-20240606000610322_3.jar C:\Users\Bhaskar Mudaliyar\AppData\Local\Temp\surefire7582096416637114558 2024-06-06T00-06-09_943-jvmRun1 surefire-20240606000610322_1tmp surefire_0-20240606000610322_2tmp"/>
    <property name="jdk.debug" value="release"/>
    <property name="surefire.test.class.path" value="D:\BHASKAR\BHASKAR_INTERVIEW_PREPARATION\Junit_Chad_Darby_Udemy\Developer_code\1_Junit_demo\target\test-classes;D:\BHASKAR\BHASKAR_INTERVIEW_PREPARATION\Junit_Chad_Darby_Udemy\Developer_code\1_Junit_demo\target\classes;C:\Users\Bhaskar Mudaliyar\.m2\repository\org\junit\jupiter\junit-jupiter-api\5.10.2\junit-jupiter-api-5.10.2.jar;C:\Users\Bhaskar Mudaliyar\.m2\repository\org\opentest4j\opentest4j\1.3.0\opentest4j-1.3.0.jar;C:\Users\Bhaskar Mudaliyar\.m2\repository\org\junit\platform\junit-platform-commons\1.10.2\junit-platform-commons-1.10.2.jar;C:\Users\Bhaskar Mudaliyar\.m2\repository\org\apiguardian\apiguardian-api\1.1.2\apiguardian-api-1.1.2.jar;"/>
    <property name="sun.cpu.endian" value="little"/>
    <property name="user.home" value="C:\Users\Bhaskar Mudaliyar"/>
    <property name="user.language" value="en"/>
    <property name="java.specification.vendor" value="Oracle Corporation"/>
    <property name="java.version.date" value="2023-07-18"/>
    <property name="java.home" value="C:\Program Files\Java\jdk-17"/>
    <property name="file.separator" value="\"/>
    <property name="basedir" value="D:\BHASKAR\BHASKAR_INTERVIEW_PREPARATION\Junit_Chad_Darby_Udemy\Developer_code\1_Junit_demo"/>
    <property name="java.vm.compressedOopsMode" value="Zero based"/>
    <property name="line.separator" value="&#10;"/>
    <property name="java.vm.specification.vendor" value="Oracle Corporation"/>
    <property name="java.specification.name" value="Java Platform API Specification"/>
    <property name="surefire.real.class.path" value="C:\Users\Bhaskar Mudaliyar\AppData\Local\Temp\surefire7582096416637114558\surefirebooter-20240606000610322_3.jar"/>
    <property name="user.script" value=""/>
    <property name="sun.management.compiler" value="HotSpot 64-Bit Tiered Compilers"/>
    <property name="java.runtime.version" value="17.0.8+9-LTS-211"/>
    <property name="user.name" value="Bhaskar Mudaliyar"/>
    <property name="path.separator" value=";"/>
    <property name="os.version" value="10.0"/>
    <property name="java.runtime.name" value="Java(TM) SE Runtime Environment"/>
    <property name="file.encoding" value="Cp1252"/>
    <property name="java.vm.name" value="Java HotSpot(TM) 64-Bit Server VM"/>
    <property name="localRepository" value="C:\Users\Bhaskar Mudaliyar\.m2\repository"/>
    <property name="java.vendor.url.bug" value="https://bugreport.java.com/bugreport/"/>
    <property name="java.io.tmpdir" value="C:\Users\BHASKA~1\AppData\Local\Temp\"/>
    <property name="java.version" value="17.0.8"/>
    <property name="user.dir" value="D:\BHASKAR\BHASKAR_INTERVIEW_PREPARATION\Junit_Chad_Darby_Udemy\Developer_code\1_Junit_demo"/>
    <property name="os.arch" value="amd64"/>
    <property name="java.vm.specification.name" value="Java Virtual Machine Specification"/>
    <property name="sun.os.patch.level" value=""/>
    <property name="native.encoding" value="Cp1252"/>
    <property name="java.library.path" value="C:\Program Files\Java\jdk-17\bin;C:\WINDOWS\Sun\Java\bin;C:\WINDOWS\system32;C:\WINDOWS;C:\Program Files\Common Files\Oracle\Java\javapath;D:\BHASKAR\SOFTWARE_JARS\WINDOWS.X64_193000_db_home\bin;C:\WINDOWS\system32;C:\WINDOWS;C:\WINDOWS\System32\Wbem;C:\WINDOWS\System32\WindowsPowerShell\v1.0\;C:\WINDOWS\System32\OpenSSH\;C:\Program Files\dotnet\;C:\Program Files\Amazon\AWSCLIV2\;C:\Program Files\Git\cmd;C:\Program Files\Java\jdk-17\bin;c:\Program Files\OpenSSL-Win64\bin;;C:\Program Files\Docker\Docker\resources\bin;C:\Program Files\nodejs\;C:\Program Files\MySQL\MySQL Shell 8.0\bin\;C:\Users\Bhaskar Mudaliyar\AppData\Local\Microsoft\WindowsApps;C:\Program Files\JetBrains\IntelliJ IDEA Community Edition 2022.2.3\bin;;C:\Users\Bhaskar Mudaliyar\AppData\Local\Programs\Microsoft VS Code\bin;D:\BHASKAR\SOFTWARE_JARS\apache-maven-3.8.6-bin\apache-maven-3.8.6\bin;C:\Users\Bhaskar Mudaliyar\AppData\Local\GitHubDesktop\bin;C:\Users\Bhaskar Mudaliyar\AppData\Roaming\npm;."/>
    <property name="java.vm.info" value="mixed mode, sharing"/>
    <property name="java.vendor" value="Oracle Corporation"/>
    <property name="java.vm.version" value="17.0.8+9-LTS-211"/>
    <property name="sun.io.unicode.encoding" value="UnicodeLittle"/>
    <property name="java.class.version" value="61.0"/>
  </properties>
  <testcase name="enabledOnJavaRange" classname="com.luv2code.junitdemo.ConditionalTest" time="0.103"/>
  <testcase name="enabledOnMac" classname="com.luv2code.junitdemo.ConditionalTest" time="0.0">
    <skipped message="Disabled on operating system: Windows 11"/>
  </testcase>
  <testcase name="enabledOnJava8" classname="com.luv2code.junitdemo.ConditionalTest" time="0.0">
    <skipped message="Disabled on JRE version: 17.0.8"/>
  </testcase>
  <testcase name="enabledOnLinux" classname="com.luv2code.junitdemo.ConditionalTest" time="0.0">
    <skipped message="Disabled on operating system: Windows 11"/>
  </testcase>
  <testcase name="disabledTest" classname="com.luv2code.junitdemo.ConditionalTest" time="0.0">
    <skipped message="Disabled Test"/>
  </testcase>
  <testcase name="enabledOnWindows" classname="com.luv2code.junitdemo.ConditionalTest" time="0.001"/>
  <testcase name="systemVariableTest" classname="com.luv2code.junitdemo.ConditionalTest" time="0.0">
    <skipped message="System property [bhaskar_SYS] does not exist"/>
  </testcase>
  <testcase name="enabledOnJava17" classname="com.luv2code.junitdemo.ConditionalTest" time="0.0"/>
  <testcase name="envVariableTest" classname="com.luv2code.junitdemo.ConditionalTest" time="0.0">
    <skipped message="Environment variable [bhaskar_ENV] does not exist"/>
  </testcase>
  <testcase name="enabledOnMacWindow" classname="com.luv2code.junitdemo.ConditionalTest" time="0.0"/>
  <testcase name="enabledOnJavaRangeMin" classname="com.luv2code.junitdemo.ConditionalTest" time="0.0"/>
</testsuite>